Performing C SOURCE FILE Test CMAKE_HAVE_LIBC_PTHREAD failed with the following output:
Change Dir: /home/spirit/catkin_ws/src/spirit-software/tail_controller/CMakeFiles/CMakeTmp

Run Build Command(s):/usr/bin/make cmTC_70be0/fast && /usr/bin/make  -f CMakeFiles/cmTC_70be0.dir/build.make CMakeFiles/cmTC_70be0.dir/build
make[1]: Entering directory '/home/spirit/catkin_ws/src/spirit-software/tail_controller/CMakeFiles/CMakeTmp'
Building C object CMakeFiles/cmTC_70be0.dir/src.c.o
/usr/bin/cc -DCMAKE_HAVE_LIBC_PTHREAD   -o CMakeFiles/cmTC_70be0.dir/src.c.o -c /home/spirit/catkin_ws/src/spirit-software/tail_controller/CMakeFiles/CMakeTmp/src.c
Linking C executable cmTC_70be0
/usr/bin/cmake -E cmake_link_script CMakeFiles/cmTC_70be0.dir/link.txt --verbose=1
/usr/bin/cc -rdynamic CMakeFiles/cmTC_70be0.dir/src.c.o -o cmTC_70be0 
CMakeFiles/cmTC_70be0.dir/src.c.o: In function `main':
src.c:(.text+0x3e): undefined reference to `pthread_create'
src.c:(.text+0x4a): undefined reference to `pthread_detach'
src.c:(.text+0x56): undefined reference to `pthread_cancel'
src.c:(.text+0x67): undefined reference to `pthread_join'
src.c:(.text+0x7b): undefined reference to `pthread_atfork'
collect2: error: ld returned 1 exit status
CMakeFiles/cmTC_70be0.dir/build.make:105: recipe for target 'cmTC_70be0' failed
make[1]: *** [cmTC_70be0] Error 1
make[1]: Leaving directory '/home/spirit/catkin_ws/src/spirit-software/tail_controller/CMakeFiles/CMakeTmp'
Makefile:140: recipe for target 'cmTC_70be0/fast' failed
make: *** [cmTC_70be0/fast] Error 2


Source file was:
#include <pthread.h>

static void* test_func(void* data)
{
  return data;
}

int main(void)
{
  pthread_t thread;
  pthread_create(&thread, NULL, test_func, NULL);
  pthread_detach(thread);
  pthread_cancel(thread);
  pthread_join(thread, NULL);
  pthread_atfork(NULL, NULL, NULL);
  pthread_exit(NULL);

  return 0;
}

Determining if the function pthread_create exists in the pthreads failed with the following output:
Change Dir: /home/spirit/catkin_ws/src/spirit-software/tail_controller/CMakeFiles/CMakeTmp

Run Build Command(s):/usr/bin/make cmTC_77eff/fast && /usr/bin/make  -f CMakeFiles/cmTC_77eff.dir/build.make CMakeFiles/cmTC_77eff.dir/build
make[1]: Entering directory '/home/spirit/catkin_ws/src/spirit-software/tail_controller/CMakeFiles/CMakeTmp'
Building C object CMakeFiles/cmTC_77eff.dir/CheckFunctionExists.c.o
/usr/bin/cc   -DCHECK_FUNCTION_EXISTS=pthread_create -o CMakeFiles/cmTC_77eff.dir/CheckFunctionExists.c.o -c /usr/share/cmake-3.19/Modules/CheckFunctionExists.c
Linking C executable cmTC_77eff
/usr/bin/cmake -E cmake_link_script CMakeFiles/cmTC_77eff.dir/link.txt --verbose=1
/usr/bin/cc  -DCHECK_FUNCTION_EXISTS=pthread_create -rdynamic CMakeFiles/cmTC_77eff.dir/CheckFunctionExists.c.o -o cmTC_77eff  -lpthreads 
/usr/bin/ld: cannot find -lpthreads
collect2: error: ld returned 1 exit status
CMakeFiles/cmTC_77eff.dir/build.make:105: recipe for target 'cmTC_77eff' failed
make[1]: *** [cmTC_77eff] Error 1
make[1]: Leaving directory '/home/spirit/catkin_ws/src/spirit-software/tail_controller/CMakeFiles/CMakeTmp'
Makefile:140: recipe for target 'cmTC_77eff/fast' failed
make: *** [cmTC_77eff/fast] Error 2



